Executing action: all (aliases: build)
Running ninja in directory D:\dev\keywordspotting\esp-tflite-micro_example\build
Executing "ninja all"...
[1/6] Performing build step for 'bootloader'
[1/1] cmd.exe /C "cd /D D:\dev\keywordspotting\esp-tflite-micro_example\build\bootloader\esp-idf\esptool_py && C:\Espressif\python_env\idf5.3_py3.11_env\Scripts\python.exe C:/Espressif/frameworks/esp-idf-v5.3/components/partition_table/check_sizes.py --offset 0x8000 bootloader 0x0 D:/dev/keywordspotting/esp-tflite-micro_example/build/bootloader/bootloader.bin"
Bootloader binary size 0x5260 bytes. 0x2da0 bytes (36%) free.
[2/4] Linking CXX executable esp-tflite-micro-keyword-spotting.elf
FAILED: esp-tflite-micro-keyword-spotting.elf 
cmd.exe /C "cd . && C:\Espressif\tools\xtensa-esp-elf\esp-13.2.0_20240530\xtensa-esp-elf\bin\xtensa-esp32s3-elf-g++.exe -mlongcalls  -fno-builtin-memcpy -fno-builtin-memset -fno-builtin-bzero -fno-builtin-stpcpy -fno-builtin-strncpy -Wl,--cref -Wl,--defsym=IDF_TARGET_ESP32S3=0 -Wl,--Map=D:/dev/keywordspotting/esp-tflite-micro_example/build/esp-tflite-micro-keyword-spotting.map -Wl,--no-warn-rwx-segments -fno-rtti -fno-lto -Wl,--gc-sections -Wl,--warn-common -T esp32s3.peripherals.ld -T esp32s3.rom.ld -T esp32s3.rom.api.ld -T esp32s3.rom.libgcc.ld -T esp32s3.rom.wdt.ld -T esp32s3.rom.version.ld -T esp32s3.rom.newlib.ld -T memory.ld -T sections.ld @CMakeFiles\esp-tflite-micro-keyword-spotting.elf.rsp -o esp-tflite-micro-keyword-spotting.elf  && cd ."
C:/Espressif/tools/xtensa-esp-elf/esp-13.2.0_20240530/xtensa-esp-elf/bin/../lib/gcc/xtensa-esp-elf/13.2.0/../../../../xtensa-esp-elf/bin/ld.exe: esp-idf/mfcc/libmfcc.a(fft_util.cc.obj):(.literal.FftPopulateState+0x14): undefined reference to `kiss_fftr_alloc(int, int, void*, unsigned int*)'
C:/Espressif/tools/xtensa-esp-elf/esp-13.2.0_20240530/xtensa-esp-elf/bin/../lib/gcc/xtensa-esp-elf/13.2.0/../../../../xtensa-esp-elf/bin/ld.exe: esp-idf/mfcc/libmfcc.a(fft_util.cc.obj): in function `FftPopulateState':
D:/dev/keywordspotting/esp-tflite-micro_example/components/mfcc/porting/src/fft_util.cc:52:(.text.FftPopulateState+0x74): undefined reference to `kiss_fftr_alloc(int, int, void*, unsigned int*)'
C:/Espressif/tools/xtensa-esp-elf/esp-13.2.0_20240530/xtensa-esp-elf/bin/../lib/gcc/xtensa-esp-elf/13.2.0/../../../../xtensa-esp-elf/bin/ld.exe: D:/dev/keywordspotting/esp-tflite-micro_example/components/mfcc/porting/src/fft_util.cc:65:(.text.FftPopulateState+0xcc): undefined reference to `kiss_fftr_alloc(int, int, void*, unsigned int*)'
collect2.exe: error: ld returned 1 exit status
ninja: build stopped: subcommand failed.
